<?xml version="1.0" encoding="UTF-8"?>
<!-- Generated by org.testng.reporters.JUnitXMLReporter -->
<testsuite ignored="0" hostname="1KShark" failures="1" tests="1" name="Command line test" time="1.586" errors="0" timestamp="2024-05-20T05:00:04 YEKT">
  <testcase classname="example.RandomPageTest" name="testRandomPages" time="0.0">
    <failure type="org.testng.TestNGException" message="
Parameter &amp;apos;numberOfPages&amp;apos; is required by @Test on method testRandomPages but has not been marked @Optional or defined
">
      <![CDATA[org.testng.TestNGException: 
Parameter 'numberOfPages' is required by @Test on method testRandomPages but has not been marked @Optional or defined

at java.base/java.util.ArrayList.forEach(ArrayList.java:1511)
... Removed 33 stack frames]]>
    </failure>
  </testcase> <!-- testRandomPages -->
</testsuite> <!-- Command line test -->
